C51 COMPILER V9.54   TIMER0                                                                03/27/2026 08:15:12 PAGE 1   


C51 COMPILER V9.54, COMPILATION OF MODULE TIMER0
OBJECT MODULE PLACED IN .\Objects\Timer0.obj
COMPILER INVOKED BY: D:\MDK\Keil_v5\C51\BIN\C51.EXE Timer0.c OPTIMIZE(8,SPEED) BROWSE DEBUG OBJECTEXTEND PRINT(.\Listing
                    -s\Timer0.lst) TABS(2) OBJECT(.\Objects\Timer0.obj)

line level    source

   1          #include <REGX52.H>
   2          
   3          void Timer0_Init(void)
   4          {
   5   1        TMOD |= 0x01;
   6   1        TH0 = 0xFF;
   7   1        TL0 = 0xFF;
   8   1        ET0 = 1;
   9   1        TR0 = 0;
  10   1      }
  11          
  12          void Time0_SetCounter(unsigned int Value)
  13          {
  14   1        TH0 = Value / 256;
  15   1        TL0 = Value % 256;
  16   1      }
  17          
  18          void Time0_Run(unsigned char Flag)
  19          {
  20   1        TR0 = Flag;
  21   1      }
  22          
  23          


MODULE INFORMATION:   STATIC OVERLAYABLE
   CODE SIZE        =     31    ----
   CONSTANT SIZE    =   ----    ----
   XDATA SIZE       =   ----    ----
   PDATA SIZE       =   ----    ----
   DATA SIZE        =   ----    ----
   IDATA SIZE       =   ----    ----
   BIT SIZE         =   ----    ----
END OF MODULE INFORMATION.


C51 COMPILATION COMPLETE.  0 WARNING(S),  0 ERROR(S)
